<?xml version="1.0" encoding="UTF-8"?>
<!-- Generated by org.testng.reporters.JUnitReportReporter -->
<testsuite skipped="0" hostname="Mohnish-LAPTOP" name="testcases.TC_Gujarati" tests="1" failures="0" timestamp="2023-04-24T21:31:16 PDT" time="75.743" errors="0">
  <testcase name="Finalsetup" time="75.743" classname="testcases.TC_Gujarati"/>
  <system-out/>
</testsuite> <!-- testcases.TC_Gujarati -->
