<?xml version="1.0" encoding="UTF-8"?>
<!-- Generated by org.testng.reporters.JUnitReportReporter -->
<testsuite skipped="0" hostname="Mohnish-LAPTOP" name="testcases.TC_Punjabi" tests="1" failures="0" timestamp="2023-04-24T13:00:44 PDT" time="753.856" errors="0">
  <testcase name="Finalsetup" time="753.856" classname="testcases.TC_Punjabi"/>
  <system-out/>
</testsuite> <!-- testcases.TC_Punjabi -->
